<?xml version="1.0" encoding="UTF-8"?>
<robot generator="Robot 3.2.1 (Python 3.8.5 on win32)" generated="20200829 19:11:56.293" rpa="false">
<suite id="s1" name="dataDriven" source="D:\Smart Reasons\QA Testing curso\appium\web\dataDriven.robot">
<kw name="Open my Browser" library="web" type="setup">
<kw name="Open Browser" library="SeleniumLibrary">
<doc>Opens a new browser instance to the optional ``url``.</doc>
<arguments>
<arg>${url}</arg>
<arg>browser=${browser}</arg>
</arguments>
<msg timestamp="20200829 19:11:56.893" level="INFO">Opening browser 'chrome' to base url 'http://localhost:4200/'.</msg>
<status status="PASS" starttime="20200829 19:11:56.893" endtime="20200829 19:12:01.521"></status>
</kw>
<kw name="Set Window Position" library="SeleniumLibrary">
<doc>Sets window position using ``x`` and ``y`` coordinates.</doc>
<arguments>
<arg>0</arg>
<arg>0</arg>
</arguments>
<status status="PASS" starttime="20200829 19:12:01.521" endtime="20200829 19:12:03.655"></status>
</kw>
<kw name="Set Window Size" library="SeleniumLibrary">
<doc>Sets current windows size to given ``width`` and ``height``.</doc>
<arguments>
<arg>960</arg>
<arg>1000</arg>
</arguments>
<status status="PASS" starttime="20200829 19:12:03.656" endtime="20200829 19:12:03.789"></status>
</kw>
<status status="PASS" starttime="20200829 19:11:56.892" endtime="20200829 19:12:03.790"></status>
</kw>
<test id="s1-t1" name="Descripcion pequeña">
<kw name="Open Establecimiento" library="web" type="setup">
<kw name="Go To" library="SeleniumLibrary">
<doc>Navigates the current browser window to the provided ``url``.</doc>
<arguments>
<arg>${url_establecimiento}</arg>
</arguments>
<msg timestamp="20200829 19:12:03.793" level="INFO">Opening url 'http://localhost:4200/delivery/configuracion/establecimiento'</msg>
<status status="PASS" starttime="20200829 19:12:03.792" endtime="20200829 19:12:04.349"></status>
</kw>
<status status="PASS" starttime="20200829 19:12:03.792" endtime="20200829 19:12:04.349"></status>
</kw>
<kw name="Invalid Text">
<arguments>
<arg>Pajaro loco</arg>
<arg>El Pájaro Loco o Loquillo es un personaje animado creado por Walter Lantz</arg>
<arg>10584658465</arg>
<arg>45859654</arg>
<arg>corro@gmaill.com</arg>
<arg>958745621</arg>
<arg>av. la luna</arg>
<arg>Resultado test</arg>
</arguments>
<kw name="Text Area" library="web">
<arguments>
<arg>${nombre}</arg>
<arg>${descripcion}</arg>
<arg>${ruc}</arg>
<arg>${dni}</arg>
<arg>${correo}</arg>
<arg>${telefono}</arg>
<arg>${direccion}</arg>
</arguments>
<kw name="Input Text" library="SeleniumLibrary">
<doc>Types the given ``text`` into the text field identified by ``locator``.</doc>
<arguments>
<arg>//*[@id="nombreEstablecimiento"]</arg>
<arg>${nombre}</arg>
</arguments>
<msg timestamp="20200829 19:12:04.352" level="INFO">Typing text 'Pajaro loco' into text field '//*[@id="nombreEstablecimiento"]'.</msg>
<kw name="Capture Page Screenshot" library="SeleniumLibrary">
<doc>Takes a screenshot of the current page and embeds it into a log file.</doc>
<msg timestamp="20200829 19:12:04.630" level="INFO" html="yes">&lt;/td&gt;&lt;/tr&gt;&lt;tr&gt;&lt;td colspan="3"&gt;&lt;a href="selenium-screenshot-6.png"&gt;&lt;img src="selenium-screenshot-6.png" width="800px"&gt;&lt;/a&gt;</msg>
<status status="PASS" starttime="20200829 19:12:04.365" endtime="20200829 19:12:04.630"></status>
</kw>
<msg timestamp="20200829 19:12:04.632" level="FAIL">Element with locator '//*[@id="nombreEstablecimiento"]' not found.</msg>
<status status="FAIL" starttime="20200829 19:12:04.352" endtime="20200829 19:12:04.632"></status>
</kw>
<status status="FAIL" starttime="20200829 19:12:04.351" endtime="20200829 19:12:04.632"></status>
</kw>
<status status="FAIL" starttime="20200829 19:12:04.350" endtime="20200829 19:12:04.632"></status>
</kw>
<doc>Descripcion muy pequeña</doc>
<status status="FAIL" starttime="20200829 19:12:03.790" endtime="20200829 19:12:04.633" critical="yes">Element with locator '//*[@id="nombreEstablecimiento"]' not found.</status>
</test>
<test id="s1-t2" name="Descripcion de 50 caracteres">
<kw name="Open Establecimiento" library="web" type="setup">
<kw name="Go To" library="SeleniumLibrary">
<doc>Navigates the current browser window to the provided ``url``.</doc>
<arguments>
<arg>${url_establecimiento}</arg>
</arguments>
<msg timestamp="20200829 19:12:04.639" level="INFO">Opening url 'http://localhost:4200/delivery/configuracion/establecimiento'</msg>
<status status="PASS" starttime="20200829 19:12:04.639" endtime="20200829 19:12:05.020"></status>
</kw>
<status status="PASS" starttime="20200829 19:12:04.638" endtime="20200829 19:12:05.020"></status>
</kw>
<kw name="Invalid Text">
<arguments>
<arg>Nobody</arg>
<arg>Nobody is sure how it happened, but Sally and Bill fell hopelessly in love, and ended up getting married. They moved into a small flat together, and paid incredibly high rent for a few years, until Sally announced that she was pregnant.</arg>
<arg>3656569</arg>
<arg>5482</arg>
<arg>corea?</arg>
<arg>932548758</arg>
<arg>estoy en la luna</arg>
<arg>Nel pastel</arg>
</arguments>
<kw name="Text Area" library="web">
<arguments>
<arg>${nombre}</arg>
<arg>${descripcion}</arg>
<arg>${ruc}</arg>
<arg>${dni}</arg>
<arg>${correo}</arg>
<arg>${telefono}</arg>
<arg>${direccion}</arg>
</arguments>
<kw name="Input Text" library="SeleniumLibrary">
<doc>Types the given ``text`` into the text field identified by ``locator``.</doc>
<arguments>
<arg>//*[@id="nombreEstablecimiento"]</arg>
<arg>${nombre}</arg>
</arguments>
<msg timestamp="20200829 19:12:05.022" level="INFO">Typing text 'Nobody' into text field '//*[@id="nombreEstablecimiento"]'.</msg>
<kw name="Capture Page Screenshot" library="SeleniumLibrary">
<doc>Takes a screenshot of the current page and embeds it into a log file.</doc>
<msg timestamp="20200829 19:12:05.310" level="INFO" html="yes">&lt;/td&gt;&lt;/tr&gt;&lt;tr&gt;&lt;td colspan="3"&gt;&lt;a href="selenium-screenshot-7.png"&gt;&lt;img src="selenium-screenshot-7.png" width="800px"&gt;&lt;/a&gt;</msg>
<status status="PASS" starttime="20200829 19:12:05.029" endtime="20200829 19:12:05.310"></status>
</kw>
<msg timestamp="20200829 19:12:05.311" level="FAIL">Element with locator '//*[@id="nombreEstablecimiento"]' not found.</msg>
<status status="FAIL" starttime="20200829 19:12:05.022" endtime="20200829 19:12:05.311"></status>
</kw>
<status status="FAIL" starttime="20200829 19:12:05.021" endtime="20200829 19:12:05.312"></status>
</kw>
<status status="FAIL" starttime="20200829 19:12:05.020" endtime="20200829 19:12:05.312"></status>
</kw>
<doc>Descripcion de 50 caracteres</doc>
<status status="FAIL" starttime="20200829 19:12:04.638" endtime="20200829 19:12:05.314" critical="yes">Element with locator '//*[@id="nombreEstablecimiento"]' not found.</status>
</test>
<test id="s1-t3" name="Descripcion de 100 caracteres">
<kw name="Open Establecimiento" library="web" type="setup">
<kw name="Go To" library="SeleniumLibrary">
<doc>Navigates the current browser window to the provided ``url``.</doc>
<arguments>
<arg>${url_establecimiento}</arg>
</arguments>
<msg timestamp="20200829 19:12:05.318" level="INFO">Opening url 'http://localhost:4200/delivery/configuracion/establecimiento'</msg>
<status status="PASS" starttime="20200829 19:12:05.317" endtime="20200829 19:12:05.552"></status>
</kw>
<status status="PASS" starttime="20200829 19:12:05.317" endtime="20200829 19:12:05.552"></status>
</kw>
<kw name="Invalid Text">
<arguments>
<arg>Vacaciones primero diez</arg>
<arg>En las vacaciones de este año primero fui diez días a un hotel con mi familia, en el hotel de al lado estaba un amigo y todos los días salíamos juntos a la piscina, a la playa, etc.En el hotel había un bufete donde íbamos a desayunar, almorzar y cenar, por la noche paseábamos por el paseo marítimo mientras nos tomábamos un helado, algunos días íbamos a otras playas que estaban más lejos del hotel, algunas eran salvajes, tenían el agua cristalina y había muchos peces y plantas, otros días los pasábamos en la piscina que era muy grande.</arg>
<arg>54889665695</arg>
<arg>14</arg>
<arg>bestin@.com</arg>
<arg>54872546</arg>
<arg>mi casa esta cerca</arg>
<arg>Resultado test</arg>
</arguments>
<kw name="Text Area" library="web">
<arguments>
<arg>${nombre}</arg>
<arg>${descripcion}</arg>
<arg>${ruc}</arg>
<arg>${dni}</arg>
<arg>${correo}</arg>
<arg>${telefono}</arg>
<arg>${direccion}</arg>
</arguments>
<kw name="Input Text" library="SeleniumLibrary">
<doc>Types the given ``text`` into the text field identified by ``locator``.</doc>
<arguments>
<arg>//*[@id="nombreEstablecimiento"]</arg>
<arg>${nombre}</arg>
</arguments>
<msg timestamp="20200829 19:12:05.554" level="INFO">Typing text 'Vacaciones primero diez' into text field '//*[@id="nombreEstablecimiento"]'.</msg>
<kw name="Capture Page Screenshot" library="SeleniumLibrary">
<doc>Takes a screenshot of the current page and embeds it into a log file.</doc>
<msg timestamp="20200829 19:12:05.876" level="INFO" html="yes">&lt;/td&gt;&lt;/tr&gt;&lt;tr&gt;&lt;td colspan="3"&gt;&lt;a href="selenium-screenshot-8.png"&gt;&lt;img src="selenium-screenshot-8.png" width="800px"&gt;&lt;/a&gt;</msg>
<status status="PASS" starttime="20200829 19:12:05.564" endtime="20200829 19:12:05.876"></status>
</kw>
<msg timestamp="20200829 19:12:05.877" level="FAIL">Element with locator '//*[@id="nombreEstablecimiento"]' not found.</msg>
<status status="FAIL" starttime="20200829 19:12:05.554" endtime="20200829 19:12:05.877"></status>
</kw>
<status status="FAIL" starttime="20200829 19:12:05.553" endtime="20200829 19:12:05.877"></status>
</kw>
<status status="FAIL" starttime="20200829 19:12:05.553" endtime="20200829 19:12:05.877"></status>
</kw>
<doc>Descripcion de 100 caracteres</doc>
<status status="FAIL" starttime="20200829 19:12:05.316" endtime="20200829 19:12:05.896" critical="yes">Element with locator '//*[@id="nombreEstablecimiento"]' not found.</status>
</test>
<test id="s1-t4" name="Descripcion de 200 caracteres">
<kw name="Open Establecimiento" library="web" type="setup">
<kw name="Go To" library="SeleniumLibrary">
<doc>Navigates the current browser window to the provided ``url``.</doc>
<arguments>
<arg>${url_establecimiento}</arg>
</arguments>
<msg timestamp="20200829 19:12:05.900" level="INFO">Opening url 'http://localhost:4200/delivery/configuracion/establecimiento'</msg>
<status status="PASS" starttime="20200829 19:12:05.899" endtime="20200829 19:12:06.351"></status>
</kw>
<status status="PASS" starttime="20200829 19:12:05.899" endtime="20200829 19:12:06.351"></status>
</kw>
<kw name="Invalid Text">
<arguments>
<arg>setenta barrios ausencia</arg>
<arg>El día de mis setenta cumpleaños volví a mi barrio después de una ausencia de cincuenta años. Me lo concedí como regalo. Quería saborear despacio mis recuerdos. Mansamente, recorrí la estrecha acera que llevaba a mi colegio y volví a ver a mis amigos, a escuchar el crujir de las hojas muertas bajo mis zapatillas, a sentir la mirada precavida de los vecinos clavada en mi nuca, las pistas dibujadas en el asfalto donde hacíamos rodar los cochecitos rellenos de masilla, la pelota de goma, las canicas, los cromos… Mentalmente, en mi paseo, me recordé furtivo en algunos de los inexistentes portales donde robé (o me robaron) los primeros besos, imaginé la impronta del corazón y la flecha con que juré mi primer amor eterno, acaricié la madera de algún viejo banco, arrastré mi mano por las paredes lisas como hacía siempre que recorría el trayecto y me perdí, sin saberlo, como un alma libre cargada de sueños y de esperanzas, en la fronda tupida de la arboleda del paseo donde por primera vez dije un tímido “te quiero”. Aquel día, hasta que me quedé sin chocolate, volví a ser el tímido rubito que siempre andaba con la boca sucia.</arg>
<arg>2021589995</arg>
<arg>54787415</arg>
<arg>este es mi correo</arg>
<arg>2154</arg>
<arg>la direccion</arg>
<arg>Resultado test</arg>
</arguments>
<kw name="Text Area" library="web">
<arguments>
<arg>${nombre}</arg>
<arg>${descripcion}</arg>
<arg>${ruc}</arg>
<arg>${dni}</arg>
<arg>${correo}</arg>
<arg>${telefono}</arg>
<arg>${direccion}</arg>
</arguments>
<kw name="Input Text" library="SeleniumLibrary">
<doc>Types the given ``text`` into the text field identified by ``locator``.</doc>
<arguments>
<arg>//*[@id="nombreEstablecimiento"]</arg>
<arg>${nombre}</arg>
</arguments>
<msg timestamp="20200829 19:12:06.353" level="INFO">Typing text 'setenta barrios ausencia' into text field '//*[@id="nombreEstablecimiento"]'.</msg>
<kw name="Capture Page Screenshot" library="SeleniumLibrary">
<doc>Takes a screenshot of the current page and embeds it into a log file.</doc>
<msg timestamp="20200829 19:12:06.662" level="INFO" html="yes">&lt;/td&gt;&lt;/tr&gt;&lt;tr&gt;&lt;td colspan="3"&gt;&lt;a href="selenium-screenshot-9.png"&gt;&lt;img src="selenium-screenshot-9.png" width="800px"&gt;&lt;/a&gt;</msg>
<status status="PASS" starttime="20200829 19:12:06.361" endtime="20200829 19:12:06.663"></status>
</kw>
<msg timestamp="20200829 19:12:06.663" level="FAIL">Element with locator '//*[@id="nombreEstablecimiento"]' not found.</msg>
<status status="FAIL" starttime="20200829 19:12:06.353" endtime="20200829 19:12:06.663"></status>
</kw>
<status status="FAIL" starttime="20200829 19:12:06.352" endtime="20200829 19:12:06.664"></status>
</kw>
<status status="FAIL" starttime="20200829 19:12:06.352" endtime="20200829 19:12:06.664"></status>
</kw>
<doc>Descripcion de 200 caracteres</doc>
<status status="FAIL" starttime="20200829 19:12:05.899" endtime="20200829 19:12:06.664" critical="yes">Element with locator '//*[@id="nombreEstablecimiento"]' not found.</status>
</test>
<test id="s1-t5" name="Descripcion nula">
<kw name="Open Establecimiento" library="web" type="setup">
<kw name="Go To" library="SeleniumLibrary">
<doc>Navigates the current browser window to the provided ``url``.</doc>
<arguments>
<arg>${url_establecimiento}</arg>
</arguments>
<msg timestamp="20200829 19:12:06.673" level="INFO">Opening url 'http://localhost:4200/delivery/configuracion/establecimiento'</msg>
<status status="PASS" starttime="20200829 19:12:06.672" endtime="20200829 19:12:07.214"></status>
</kw>
<status status="PASS" starttime="20200829 19:12:06.672" endtime="20200829 19:12:07.214"></status>
</kw>
<kw name="Invalid Text">
<arguments>
<arg>10254875954</arg>
<arg>12345678</arg>
<arg>5457@hot.co</arg>
<arg>0</arg>
<arg>post condicion</arg>
<arg>Triste la vida</arg>
</arguments>
<kw name="Text Area" library="web">
<arguments>
<arg>${nombre}</arg>
<arg>${descripcion}</arg>
<arg>${ruc}</arg>
<arg>${dni}</arg>
<arg>${correo}</arg>
<arg>${telefono}</arg>
<arg>${direccion}</arg>
</arguments>
<kw name="Input Text" library="SeleniumLibrary">
<doc>Types the given ``text`` into the text field identified by ``locator``.</doc>
<arguments>
<arg>//*[@id="nombreEstablecimiento"]</arg>
<arg>${nombre}</arg>
</arguments>
<msg timestamp="20200829 19:12:07.218" level="INFO">Typing text '' into text field '//*[@id="nombreEstablecimiento"]'.</msg>
<kw name="Capture Page Screenshot" library="SeleniumLibrary">
<doc>Takes a screenshot of the current page and embeds it into a log file.</doc>
<msg timestamp="20200829 19:12:07.515" level="INFO" html="yes">&lt;/td&gt;&lt;/tr&gt;&lt;tr&gt;&lt;td colspan="3"&gt;&lt;a href="selenium-screenshot-10.png"&gt;&lt;img src="selenium-screenshot-10.png" width="800px"&gt;&lt;/a&gt;</msg>
<status status="PASS" starttime="20200829 19:12:07.228" endtime="20200829 19:12:07.515"></status>
</kw>
<msg timestamp="20200829 19:12:07.515" level="FAIL">Element with locator '//*[@id="nombreEstablecimiento"]' not found.</msg>
<status status="FAIL" starttime="20200829 19:12:07.217" endtime="20200829 19:12:07.515"></status>
</kw>
<status status="FAIL" starttime="20200829 19:12:07.216" endtime="20200829 19:12:07.516"></status>
</kw>
<status status="FAIL" starttime="20200829 19:12:07.215" endtime="20200829 19:12:07.516"></status>
</kw>
<doc>Descripcion nula</doc>
<status status="FAIL" starttime="20200829 19:12:06.671" endtime="20200829 19:12:07.516" critical="yes">Element with locator '//*[@id="nombreEstablecimiento"]' not found.</status>
</test>
<kw name="Close Browsers" library="web" type="teardown">
<kw name="Close All Browsers" library="SeleniumLibrary">
<doc>Closes all open browsers and resets the browser cache.</doc>
<status status="PASS" starttime="20200829 19:12:07.522" endtime="20200829 19:12:09.726"></status>
</kw>
<status status="PASS" starttime="20200829 19:12:07.522" endtime="20200829 19:12:09.727"></status>
</kw>
<status status="FAIL" starttime="20200829 19:11:56.294" endtime="20200829 19:12:09.727"></status>
</suite>
<statistics>
<total>
<stat pass="0" fail="5">Critical Tests</stat>
<stat pass="0" fail="5">All Tests</stat>
</total>
<tag>
</tag>
<suite>
<stat pass="0" fail="5" id="s1" name="dataDriven">dataDriven</stat>
</suite>
</statistics>
<errors>
</errors>
</robot>
